[    0.000000] Initializing cgroup subsys cpuset
[    0.000000] Initializing cgroup subsys cpu
[    0000000] Initializing cgroup subsys cpuacct
[    0.000000] Linux version 4.4.0-137-generic (buildd@lgw01-amd4-037) (gcc version 5.4.0 20160609 (Ubuntu 5.4.0-ubuntu1~16.04.10) )#16-Ubuntu SMP Mon Sep 24 13:14:43 UTC 2018 (Ubuntu 4.4.0-137.163-generic4.4.144)
[    0.000000] Command line: BOOTIMAGE=/boot/vmlinuz-4.4.0137-generic root=LABEL=cloudimg-rootfs ro console=tty1 console=ttyS0
[    0.000000] KERNEL supported cpus:
[    0.000000]   Intel GenuineIntel
[    0.000000]   AMD AuthenticAMD
[    0.000000]   Centaur CentaurHauls
[    0.000000] x86/fpu: xstate_offset2]:  576, xstte_sizes[2]:  256
[    0.000000] x86/fpu: Supporting XSAVE feature 0x01: 'x87 floating point registers'
[    0.00000] x86/fpu: Supporting XSAVE feature 0x02: 'SSE registers'
[    0.000000] x6/fpu: Supporting XSAVE feature 0x04: 'AVX registers'
[    0.000000] x86/fpu: Enabled xstate features 0x7, context size is 832 bytes, using 'standard' format.
[    0.000000] e820: BIOS-provided physical RAM map:
[    0.00000] BIOS-e820: mem 0x0000000000000000-0x00000000009fbff] usable
[    0.00000] BIOS-e820: [mem 0x000000000009fc00-0x000000000009ffff] reserved
[   0.000000] BIOS-e820: [mem 0x00000000000f0000-0x00000000000fffff] reserved
[    0.000000] BIOS-e820: [mem 0x0000000000100000-0x000000003ffeffff] usable
[    0.000000] BIOS-e820: [mem 0x000000003fff0000-0x000000003fffffff] ACPI data
[    0.000000] BIOS-e820: [mem 0x00000000fec00000-0x00000000fec00fff] reserved
[    0.000000] BIOS-e820: [mem 0x00000000fee00000-0x00000000fee00fff] reserved
[    0.000000] BIOS-e820: [mem 0x00000000fffc0000-0x00000000ffffffff] reserved
[    0.000000] NX (Execute Disable) protection: active
[    0.000000] SMBIOS 2.5 present.
[    0.000000] Hypervisor detcted: KVM
[    0.000000] e820: last_pfn = x3fff0 max_arch_pfn = 0x400000000
[    0.000000] MTR: Disabled
[    0.000000] x86/PAT: MTRRs disabled, skipping PAT initialization oo.
[    0.000000] CPU MTRRs all blank - virtualized system.
[    0.000000] x86/PAT: Configuration [0-7]: WB  WT  UC- UC  WB  WT  UC- UC  
[    0.000000] found SMP MP-table at [mem 0x0009fff0-0x0009ffff] mapped at [ffff88000009fff0]
[    0.000000] Scanning 1 areas for low memory corruption
[    0.000000] RAMDISK: [mem 0x3630e000-0x3717efff]
[    0.000000] ACPI: Early table checksum verification disabled
[    0.000000] ACPI: RSDP 0x00000000000E0000 000024 (v02 VBOX  )
[    0.000000] ACPI: XSDT 0x000000003FFF0030 00003C (v01 VBOX   VBOXXSDT 00000001 ASL  00000061)
[    0.000000] ACPI: FACP 0x000000003FFF00F0 0000F4 (v04 VBOX   VBOXFACP 00000001 ASL  00000061)
[    0.000000] ACPI: DSDT 0x000000003FFF0470 0021FF (v02 VBOX   VBOXBIOS 00000002 INTL 20100528)
[    0.000000] ACPI: FACS 0x000000003FFF0200 000040
[    0.000000] ACPI: FCS 0x000000003FFF0200 000040
[    0.000000] ACPI: APC 0x000000003FFF0240 00005C (v02 VBOX   VBOXAPIC 00000001 ASL  00000061)
[    0.000000] ACPI: SSDT 0x000000003FFF02A0 0001CC (v01 VBOX   VBOXCPUT 00000002 INTL 20100528)
[    0.000000] No NUMA configuration found
[    0.000000] Faking a node at [mem 0x0000000000000000-0x000000003ffeffff]
[    0.000000] NODE_DATA(0) allocated [mem 0x3ffeb000-0x3ffeffff]
[    0.000000] kvm-clock: Using msrs 4b564d01 and 4b564d00
[    0.000000] kvm-clock: cpu 0, msr 0:3ffe3001, primary cpu clock
    0.000000] kvm-clock: using sched offset of 7685209061 cycles
[    0.000000] clocksource: kvm-clock: mask: 0xffffffffffffffff max_cycls: 01cd4e4dffb, max_idle_ns: 881590591483 ns
[   0.00000] Zone ranges:
[    0.000000]   DMA      [mem 0x0000000000001000-0x0000000000ffffff]
[    0.000000]   DMA32    [mem 0x0000000001000000-0x000000003ffeffff]
[    0.000000]   Normal   empty
[    0.000000]   Device   empty
[    0.000000 Movablle zone sart for each node
[    0.0000] Early memory node ranges
[    0.000000]   node   0: [mem 0x0000000000001000-0x000000000009efff]
[    0.000000]   node   0: [mem 0x0000000000100000-0x000000003ffeffff]
[    0.000000] Initmem setup node 0 [mem 0x0000000000001000-0x000000003ffeffff]
[    0.000000] ACPI: PM-Timer IO Port: 0x4008
[    0.000000] IOAPIC[0]: apic_id 2, version 32, address 0xfec00000, GSI 0-23
[    0.000000] ACPI: INT_SRC_OVR (bus 0 bus_irq 0 global_irq 2 dfl dfl)
[    0.000000] ACPI: INT_SRC_OVR (bus 0 bus_irq 9 global_irq 9 low level)
[    0.000000] Using ACPI (MADT) for SMP configuration information
[    0.000000] smpboot: Allowing 2 CPUs, 0 hotplug CPUs
[    0.000000] PM: Registered nosave memory: [mem 0x00000000-0x00000fff]
[    0.000000] PM: Registered nosave memory: [mem 0x0009f000-0x0009ffff]
[    0.000000] PM: Registered nosave memory: [mem 0x000a0000-0x000effff]
[    0.000000] PM: Registered nosave memory: [mem 0x000f0000-0x000fffff]
[    0.000000] e820: [mem 0x40000000-0xfebfffff] available for PCI devices
[    0.000000] Booting paravirtualized kernel on KVM
[    0.000000] clocksource: refined-jiffies: mask: 0xffffffff max_cycles: 0xffffffff, max_idle_ns: 7645519600211568 ns
[    0.000000] setup_percpu: NR_CPUS:512 nr_cpumask_bits:512 nr_cpu_ids:2 nr_node_ids:1
[    0.000000] PERCPU: Embedded 34 pages/cpu @ffff88003fc00000 s99608 r8192 d31464 u1048576
[    0.000000] PV qspinlock hash table entries: 256 (order: 0, 4096 bytes)
[    0.000000] Built 1 zonelists in Node order, mobility grouping on.  Total pages: 257912
[    0.000000] Policy zone: DMA32
[    0.000000] Kernel command line: BOOT_IMAGE=/boot/vmlinuz-4.4.0-137-generic root=LABEL=cloudimg-rootfs ro console=tty1 console=ttyS0
[    0.000000] PID hash table entries: 4096 (order: 3, 32768 bytes)
[    0.000000] Memory: 997716K/1048120K available (8555K kernel code, 1314K rwdata, 4004K rodata, 1528K init, 1316K bss, 50404K reserved, 0K cma-reserved)
[    0.000000] SLUB: HWalign=64, Order=0-3, MinObjects=0, CPUs=2, Nodes=1
[    0.000000] Kernel/User page tables isolation: enabled
[    0.000000] Hierarchical RCU implementation.
[    0.000000] 	Build-time adjustment of leaf fanout to 64.
[    0.000000] 	RCU restricting CPUs from NR_CPUS=512 to nr_cpu_ids=2.
[   0.000000] RCU: Adjusting geometry for rcu_fanout_leaf=64, nr_cpu_ids=2
[   0.000000] NR_IRQS:33024 nr_irqs:440 16
[    0.000000] Console: coour VGA+80x25
[    0.000000]console [tty] enabled
[    0.000000] console [ttyS0] enabled
[   0.000000] tsc: Detected 1599.999 MHz processor
[    1.138760] Calibrating delay loop (skipped) preset value.. 3199.99 BogoMIPS (lpj=6399996)
[    1.142891] pid_max: default: 32768 minimum: 301
[    1.157960] ACPI: Core revision 20150930
[    1.175407] ACPI: 2 ACPI AML tables successfully acquired and loaded
[    1.185961] Security Framework initialized
[    1.187969] Yama: becoming mindful.
[    1.194447] AppArmor: AppArmor initialized
[    1.210582] Dentry cache hash table entries: 131072 (order: 8, 1048576 bytes)
[    1.216558] Inode-cache hash table entries: 65536 (order: 7, 524288 bytes)
[    1.231301] Mount-cache hash table entries: 2048 (order: 2, 16384 bytes)
[    1.234477] Mountpoint-cache hash table entries: 2048 (order: 2, 16384 bytes)
[    1.248106] Initializing cgroup subsys io
[    1.254918] Initializing cgroup subsys memory
[    1.259667] Initializing cgroup subsys devices
[    1.263129] Initializing cgroup subsys freezer
[    1.269242] Initializing cgroup subsys net_cls
[    1.277877] Initializing cgroup subsys perf_event
[    1.290428] Initializing cgroup subsys net_prio
[    1.292385] Initializing cgroup subsys hugetlb
[    1.306913] Initializing cgroup subsys pids
[    1.318243] mce: CPU supports 0 MCE banks
[    1.320174] Last level iTLB entries: 4KB 64, 2MB 8, 4MB 8
[    1.322333] Last level dTLB entries: 4KB 64, 2MB 0, 4MB 0, 1GB 4
[    1.324618] Spectre V2 : Mitigation: Full generic retpoline
[    1.339281] Spectre V2 : Spectre v2 mitigation: Speculation control IBPB not-supported IBRS not-supported
[    1.342829] Spectre V2 : Spectre v2 / SpectreRSB mitigation: Filling RSB on context switch
[    1.346966] Speculative Store Bypass: Vulnerable
[    1.352112] Freeing SMP alternatives memory: 32K
[    1.362918] ftrace: allocating 32265 entries in 127 pages
[    1.425463] smpboot: APIC(0) Converting physical 0 to logical package 0
[    1.429279] smpboot: Max logical packages: 1
[    1.437637] x2apic enabled
[    1.442446] Switched APIC routing to physical x2apic.
[    1.449980] ..TIMER: vector=0x30 apic1=0 pin1=2 apic2=-1 pin2=-1
[    1.561090] smpboot: CPU0: Intel(R) Core(TM) i5-5250U CPU @ 1.60GHz (family: 0x6, model: 0x3d, stepping: 0x4)
[    1.574886] Performance Events: unsupported p6 CPU model 61 no PMU driver, software events only.
[    1.580325] KVM setup paravirtual spinlock
[    1.583062] x86: Booting SMP configuration:
[    1.586394] .... node  #0, CPUs:      #1
[    1.588397] kvm-clock: cpu 1, msr 0:3ffe3041, secondary cpu clock
[    1.591623] mce: CPU supports 0 MCE banks
[    1.595024] x86: Booted up 1 node, 2 CPUs
[    1.606664] smpboot: Total of 2 processors activated (6399.99 BogoMIPS)
[    1.609709] devtmpfs: initialized
[    1.614889] evm: security.selinux
[    1.617959] evm: security.SMACK64
[    1.619418] evm: security.SMACK64EXEC
[    1.623355] evm: security.SMACK64TRANSMUTE
[    1.625089] evm: security.SMACK64MMAP
[    1.638247] evm: security.ima
[    1.639771] evm: security.capability
[    1.641645] clocksource: jiffies: mask: 0xffffffff max_cycles: 0xffffffff, max_idle_ns: 7645041785100000 ns
[    1.659728] futex hash table entries: 512 (order: 3, 32768 bytes)
[    1.675205] pinctrl core: initialized pinctrl subsystem
[    1.677367] RTC time: 15:56:08, date: 10/31/18
[    1.679634] NET: Registered protocol family 16
[    1.696849] cpuidle: using governor ladder
[    1.712502] cpuidle: using governor menu
[    1.721245] PCCT header not found.
[    1.723812] ACPI: bus type PCI registered
[    1.727972] acpiphp: ACPI Hot Plug PCI Controller Driver version: 0.5
[    1.739439] PCI: Using configuration type 1 for base access
[    1.762051] ACPI: Added _OSI(Module Device)
[    1.778862] ACPI: Added _OSI(Processor Device)
[    1.782283] ACPI: Added _OSI(3.0 _SCP Extensions)
[    1.785631] ACPI: Added _OSI(Processor Aggregator Device)
[    1.790624] ACPI: Executed 1 blocks of module-level executable AML code
[    1.799105] ACPI: Interpreter enabled
[    1.803890] ACPI: (supports S0 S5)
[    1.805413] ACPI: Using IOAPIC for interrupt routing
[    1.810950] PCI: Using host bridge windows from ACPI; if necessary, use "pci=nocrs" and report a bug
[    1.824976] ACPI: PCI Root Bridge [PCI0] (domain 0000 [bus 00-ff])
[    1.830192] acpi PNP0A03:00: _OSC: OS supports [ASPM ClockPM Segments MSI]
[    1.835334] acpi PNP0A03:00: _OSC: not requesting OS control; OS requires [ExtendedConfig ASPM ClockPM MSI]
[    1.849900] acpi PNP0A03:00: fail to add MMCONFIG information, can't access extended PCI configuration space under this bridge.
[    1.867056] PCI host bridge to bus 0000:00
[    1.869922] pci_bus 0000:00: root bus resource [io  0x0000-0x0cf7 window]
[    1.877253] pci_bus 0000:00: root bus resource [io  0x0d00-0xffff window]
[    1.880247] pci_bus 0000:00: root bus resource [mem 0x000a0000-0x000bffff window]
[    1.883643] pci_bus 0000:00: root bus resource [mem 0x40000000-0xfdffffff window]
[    1.890249] pci_bus 0000:00: root bus resource [bus 00-ff]
[    1.897381] pci 0000:00:01.1: legacy IDE quirk: reg 0x10: [io  0x01f0-0x01f7]
[    1.905911] pci 0000:00:01.1: legacy IDE quirk: reg 0x14: [io  0x03f6]
[    1.923179] pci 0000:00:01.1: legacy IDE quirk: reg 0x18: [io  0x0170-0x0177]
[    1.928194] pci 0000:00:01.1: legacy IDE quirk: reg 0x1c: [io  0x0376]
[    1.968890] pci 0000:00:07.0: quirk: [io  0x4000-0x403f] claimed by PIIX4 ACPI
[    1.971715] pci 0000:00:07.0: quirk: [io  0x4100-0x410f] claimed by PIIX4 SMB
[    1.983545] ACPI: PCI Interrupt Link [LNKA] (IRQs 5 9 10 *11)
[    1.988865] ACPI: PCI Interrupt Link [LNKB] (IRQs 5 9 *10 11)
[    1.992061] ACPI: PCI Interrupt Link [LNKC] (IRQs 5 *9 10 11)
[    1.997882] ACPI: PCI Interrupt Link [LNKD] (IRQs 5 9 10 *11)
[    2.004365] ACPI: Enabled 2 GPEs in block 00 to 07
[    2.007091] vgaarb: setting as boot device: PCI:0000:00:02.0
[    2.011915] vgaarb: device added: PCI:0000:00:02.0,decodes=io+mem,owns=io+mem,locks=none
[    2.019495] vgaarb: loaded
[    2.023020] vgaarb: bridge control possible 0000:00:02.0
[    2.027945] SCSI subsystem initialized
[    2.029774] ACPI: bus type USB registered
[    2.031712] usbcore: registered new interface driver usbfs
[    2.034080] usbcore: registered new interface driver hub
[    2.043353] usbcore: registered new device driver usb
[    2.050237] PCI: Using ACPI for IRQ routing
[    2.052583] NetLabel: Initializing
[    2.054999] NetLabel:  domain hash size = 128
[    2.058386] NetLabel:  protocols = UNLABELED CIPSOv4
[    2.060369] NetLabel:  unlabeled traffic allowed by default
[    2.070924] amd_nb: Cannot enumerate AMD northbridges
[    2.072884] clocksource: Switched to clocksource kvm-clock
[    2.089700] AppArmor: AppArmor Filesystem Enabled
[    2.095241] pnp: PnPACPI init
[    2.137451] pnp: PnP ACPI: found 3 devices

[    2.154290 clocksource: acpi_pm: mask: 0xffffff max_cycles: 0xffffff, max_idle_s: 2085701024 ns
[    2.210034] NET: Registeed protocl family 2

[    2.262860] TCP established hash table entries: 8192 (order: 4, 65536 bytes)
[    2.265791] TCP bind hashtable entries: 8192 (order: 5, 131072 bytes)
[    2.295743] TCP: Hash tables configured (established 8192 bind 8192)
[    2.30759] UDhash table entries: 512 (order: 2, 16384 bytes)
[    2.38520] U-Liteash table entries: 512 (order: 2, 16384 bytes)[    2.5258] NET: Registered protocol family 1
[    2.620181] ci 0000:00:00.0: Limiing direct PCI/PCI transfers
[    2.673891] pci0000:00:01.0: Activating ISA DMA hang workarounds
[    2.702385] Unpacking initramfs..

[    3.052399] Freeing initrd memory: 14788K
[    3.054296] RAPL PMU detected, API unit is 2^-32 Joules, 4 fixed counters 10737418240 ms ovfl timer
[    3.061380] hw unit of domain pp0-core 2^-0 Joules
[    3.063410] hw unit of domain package 2^-0 Joules
[    3.065627] hw unit of domain dram 2^-0 Joules
[    3.069665] hw unit of domain pp1-gpu 2^-0 Joules
[    3.076193] platform rtc_cmos: registered platform RTC device (no PNP device found)
[    3.079815] Scanning for low memory corruption every 60 seconds
[    3.084527] audit: initializing netlink subsys (disabled)
[    3.087731] audit: type=2000 audit(1541001377.645:1): initialized
[    3.090731] Initialise system trusted keyring
[    3.095252] HugeTLB registered 2 MB page size, pre-allocated 0 pages
[    3.103766] zbud: loaded
[    3.106797] VFS: Disk quotas dquot_6.6.0
[    3.118388] VFS: Dquot-cache hash table entries: 512 (order 0, 4096 bytes)
[    3.123495] squashfs: version 4.0 (2009/01/31) Phillip Lougher
[    3.137337] fuse init (API version 7.23)
[    3.139236] Key type big_key registered
[    3.142511] Allocating IMA MOK and blacklist keyrings.
[    3.171580] Key type asymmetric registered
[    3.173689] Asymmetric key parser 'x509' registered
[    3.175538] Block layer SCSI generic (bsg) driver version 0.4 loaded (major 249)
[    3.185524] io scheduler noop registered
[    3.187055] io scheduler deadline registered (default)
[    3.190259] io scheduler cfq registered
[    3.194204] pci_hotplug: PCI Hot Plug PCI Core version: 0.5
[    3.242748] pciehp: PCI Express Hot Plug Controller Driver version: 0.4
[    3.249394] ACPI: AC Adapter [AC] (off-line)
[    3.257153] input: Power Button as /devices/LNXSYSTM:00/LNXPWRBN:00/input/input0
[    3.279547] ACPI: Power Button [PWRF]
[    3.291648] input: Sleep Button as /devices/LNXSYSTM:00/LNXSLPBN:00/input/input1
[    3.308965] ACPI: Sleep Button [SLPF]
[    3.319122] ACPI: Battery Slot [BAT0] (battery present)
[    3.325479] GHES: HEST is not enabled!
[    3.327531] Serial: 8250/16550 driver, 32 ports, IRQ sharing enabled
[    3.359125] 00:02: ttyS0 at I/O 0x3f8 (irq = 4, base_baud = 115200) is a 16550A
[    3.369188] Linux agpgart interface v0.103
[    3.374506] loop: module loaded
[    3.378656] scsi hot0: ata_piix

[    3.408326] scsi host1: ata_piix
[    3.409867] ata1: PATA max UDMA/33 cmd 0x1f0 ctl 0x3f6 bmdma 0xd000 irq 14
[    3.412478] ata2: PATA ax UDMA/3 cmd 0x170 ctl 0x376 bmdma 0xd008 irq 15

[    3.465965] libphy: Fixed MDIO Bus: probed
[    3.468042] tun: Unversal TUN/TAP device driver, 1.6
[    3.496918] tn: (C) 1999-2004 Max Krasnyanky <maxk@qualcomm.com>

[    3.549765] PPP generic driver version 2.4.2
[    3.562293] ehci_hcd: USB 2.0 'Enhanced' Host Controller (EHCI) Driver
[    3.574659] ehci-pci: EHCI PCI platform driver
[    3.576693] ehci-platform: EHCI generic platform driver
[    3.57874] ohci_hcd: USB 1.1 'Open' Hot Controller (OHCI) Driver

[    3.649966] ohci-pci: OCI PCIlatform driver
[   3.731660] ohci-patfrm: OHCI generic platform driver
[    3.808853]uhci_hcd: USB Universal Host Controller Interface driver
[    3.836527] i8042: PNP: PS/2 Controller [PNP0303:PS2K,PNP0f03:PS2M] at 0x60,0x64 irq 1,12
[    3.840469] serio: i8042 KBD port at 0x60,0x64 irq 1
[    3.842564] serio: i8042 AUX port at 0x60,0x64 irq 12

[    3.845184] mousedev: PS/2 mouse device common for all mice
[    3.850191] rtc_cmos rtc_cmos: rtc core: registered rtc_cmos as rtc0
[    3.878266] input: AT Translated Set 2 keyboard as /devices/platform/i8042/serio0/input/input2
[    3.881026] rtc_cmos rtc_cmos: alarms up to one day, 114 bytes nvram
[    3.881047] i2c /dev entries driver
[    3.881134] device-mapper: uevent: version 1.0.3
[    3.883411] device-mapper: ioctl: 4.34.0-ioctl (2015-10-28) initialised: dm-devel@redhat.com
[    3.883444] ledtrig-cpu: registered to indicate activity on CPUs
[    3.889289] NET: Registered protocol family 10
[    3.889465] NET: Registered protocol family 17
[    3.889476] Key type dns_resolver registered
[    3.889751] registered taskstats version 1
[    3.889766] Loading compiled-in X.509 certificates
[    3.890471] Loaded X.509 cert 'Build time autogenerated kernel key: 20acc96b50ca7641011eace69d32209215a9b56f'
[    3.890492] zswap: loaded using pool lzo/zbud
[    3.892138] Key type trusted registered
[    3.895199] Key type encrypted registered
[    3.895207] AppArmor: AppArmor sha1 policy hashing enabled
[    3.895210] ima: No TPM chip found, activating TPM-bypass!
[    3.895218] ima: Allocated hash algorithm: sha1
[    3.895232] evm: HMAC attrs: 0x1
[    3.895638]   Magic number: 6:836:943
[    3.895662] tty tty0: hash matches
[    3.895663] tty console: hash matches
[    3.897003] rtc_cmos rtc_cmos: setting system clock to 2018-10-31 15:56:10 UTC (1541001370)
[    3.897157] BIOS EDD facility v0.16 2004-Jun-25, 0 devices found
[    3.897158] EDD information not available.
[    4.013300] Freeing unused kernel memory: 1528K
[    4.077002] tsc: Refined TSC clocksource calibration: 1601.015 MHz
[    4.085513] clocksource: tsc: mask: 0xffffffffffffffff max_cycles: 0x1713e3d21a1, max_idle_ns: 440795229377 ns
[    4.106108] Write protecting the kernel read-only data: 14336k
[    4.292010] Freeing unused kernel memory: 1672K
[    4.297169] Freeing unused kernel memory: 92K
Loading, please wait...
starting version[    4.330027] random: systemd-udevd: uninitialized urandom read (16 bytes read, 5 bits of entropy available)
 229
[    4.331360] random: udevadm: uninitialized urandom read (16 bytes read, 5 bits of entropy available)
[    4.331388] random: udevadm: uninitialized urandom read (16 bytes read, 5 bits of entropy available)
[    4.344766] random: udevadm: uninitialized urandom read (16 bytes read, 5 bits of entropy available)
[    4.344951] random: udevadm: uninitialized urandom read (16 bytes read, 5 bits of entropy available)
[    4.345313] random: udevadm: uninitialized urandom read (16 bytes read, 5 bits of entropy available)
[    4.345391] random: udevadm: uninitialized urandom read (16 bytes read, 5 bits of entropy available)
[    4.345538] random: udevadm: uninitialized urandom read (16 bytes read, 5 bits of entropy available)
[    4.345767] random: udevadm: uninitialized urandom read (16 bytes read, 5 bits of entropy available)
[    4.345973] random: udevadm: uninitialized urandom read (16 bytes read, 5 bits of entropy available)
[    4.475974] e1000: Intel(R) PRO/1000 Network Driver - version 7.3.21-k8-NAPI
[    4.479070] e1000: Copyright (c) 1999-2006 Intel Corporation.
[    4.479164] Fusion MPT base driver 3.04.20
[    4.479165] Copyright (c) 1999-2008 LSI Corporation
[    4.501165] Fusion MPT SPI Host driver 3.04.20
[    4.515157] AVX2 version of gcm_enc/dec engaged.
[    4.517526] AES CTR mode by8 optimization enabled
[    4.694521] input: ImExPS/2 Generic Explorer Mouse as /devices/platform/i8042/serio1/input/input4
[    4.922867] e1000 0000:00:03.0 eth0: (PCI:33MHz:32-bit) 02:28:89:27:00:51
[    4.929443] e1000 0000:00:03.0 eth0: Intel(R) PRO/1000 Network Connection
[    4.933416] mptbase: ioc0: Initiating bringup
[    4.933814] e1000 0000:00:03.0 enp0s3: renamed from eth0
[    5.017483] ioc0: LSI53C1030 A0: Capabilities={Initiator}
[    5.717747] scsi host2: ioc0: LSI53C1030 A0, FwRev=00000000h, Ports=1, MaxQ=256, IRQ=20
[    6.067353] scsi 2:0:0:0: Direct-Access     VBOX     HARDDISK         1.0  PQ: 0 ANSI: 5
[    6.071938] scsi target2:0:0: Beginning Domain Validation
[    6.089559] scsi target2:0:0: Domain Validation skipping write tests
[    6.095270] scsi target2:0:0: Ending Domain Validation
[    6.099016] scsi target2:0:0: asynchronous
[    6.101599] scsi 2:0:1:0: Direct-Access     VBOX     HARDDISK         1.0  PQ: 0 ANSI: 5
[    6.308507] scsi target2:0:1: Beginning Domain Validation
[    6.313067] scsi target2:0:1: Domain Validation skipping write tests
[    6.924606] scsi target2:0:1: Ending Domain Validation
[    6.930679] scsi target2:0:1: asynchronous
[    6.945100] sd 2:0:0:0: Attached scsi generic sg0 type 0
[    6.963008] sd 2:0:1:0: Attached scsi generic sg1 type 0
[    6.963180] sd 2:0:0:0: [sda] 20971520 512-byte logical blocks: (10.7 GB/10.0 GiB)
[    6.978122] sd 2:0:0:0: [sda] Write Protect is off
[    6.991855] sd 2:0:1:0: [sdb] 20480 512-byte logical blocks: (10.5 MB/10.0 MiB)
[    6.997310] sd 2:0:0:0: [sda] Incomplete mode parameter data
[    7.000009] sd 2:0:0:0: [sda] Assuming drive cache: write through
[    7.004112] sd 2:0:1:0: [sdb] Write Protect is off
[    7.009224] sd 2:0:1:0: [sdb] Incomplete mode parameter data
[    7.011784]  sda: sda1
[    7.012802] sd 2:0:0:0: [sda] Attached SCSI disk
[    7.026019] sd 2:0:1:0: [sdb] Assuming drive cache: write through
[    7.045263] sd 2:0:1:0: [sdb] Attached SCSI disk
Begin: Loading essential drivers ... [    8.510694] md: linear personality registered for level -1
[    8.518907] md: multipath personality registered for level -4
[    8.534648] md: raid0 personality registered for level 0
[    8.541279] md: raid1 personality registered for level 1
[    8.617089] raid6: sse2x1   gen()  7053 MB/s
[    8.688994] raid6: sse2x1   xor()  2346 MB/s
[    8.757358] raid6: sse2x2   gen()  8924 MB/s
[    8.832925] raid6: sse2x2   xor()  6584 MB/s
[    8.905754] raid6: sse2x4   gen() 11634 MB/s
[    8.976963] raid6: sse2x4   xor()  7986 MB/s
[    9.045320] raid6: avx2x1   gen() 15733 MB/s
[    9.121184] raid6: avx2x2   gen() 18182 MB/s
[    9.189533] raid6: avx2x4   gen() 20234 MB/s
[    9.195129] raid6: using algorithm avx2x4 gen() 20234 MB/s
[    9.205944] raid6: using avx2x2 recovery algorithm
[    9.213579] xor: automatically using best checksumming function:
[    9.274958]    avx       : 37144.000 MB/sec
[    9.280122] async_tx: api initialized (async)
[    9.306008] md: raid6 personality registered for level 6
[    9.315438] md: raid5 personality registered for level 5
[    9.322673] md: raid4 personality registered for level 4
[    9.335034] md: raid10 personality registered for level 10
done.
Begin: Running /scripts/init-premount ... done.
Begin: Mounting root file system ... Begin: Running /scripts/local-top ... done.
Begin: Running /scripts/local-premount ... [    9.388740] Btrfs loaded
Scanning for Btrfs filesystems
done.
Warning: fsck not present, so skipping root file system
[    9.485636] EXT4-fs (sda1): mounted filesystem with ordered data mode. Opts: (null)
done.
Begin: Running /scripts/local-bottom ... done.
Begin: Running /scripts/init-bottom ... done.
[    9.938094] systemd[1]: systemd 229 running in system mode. (+PAM +AUDIT +SELINUX +IMA +APPARMOR +SMACK +SYSVINIT +UTMP +LIBCRYPTSETUP +GCRYPT +GNUTLS +ACL +XZ -LZ4 +SECCOMP +BLKID +ELFUTILS +KMOD -IDN)
[    9.960371] systemd[1]: Detected virtualization oracle.
[    9.963929] systemd[1]: Detected architecture x86-64.

Welcome to [1mUbuntu 16.04.5 LTS[0m!

[    9.985687] systemd[1]: Set hostname to <ubuntu>.
[   10.009617] systemd[1]: Initializing machine ID from random generator.
[   10.019695] systemd[1]: Installed transient /etc/machine-id file.
[   10.780473] systemd[1]: Listening on LVM2 metadata daemon socket.
[[0;32m  OK  [0m] Listening on LVM2 metadata daemon socket.
[   10.814208] systemd[1]: Reached target System Time Synchronized.
[[0;32m  OK  [0m] Reached target System Time Synchronized.
[   10.821325] systemd[1]: Reached target Swap.
[[0;32m  OK  [0m] Reached target Swap.
[   10.831039] systemd[1]: Reached target Encrypted Volumes.
[[0;32m  OK  [0m] Reached target Encrypted Volumes.
[   10.836975] systemd[1]: Created slice System Slice.
[[0;32m  OK  [0m] Created slice System Slice.
[   10.852386] systemd[1]: Created slice system-serial\x2dgetty.slice.
[[0;32m  OK  [0m] Created slice system-serial\x2dgetty.slice.
[   10.878974] systemd[1]: Listening on Journal Socket (/dev/log).
[[0;32m  OK  [0m] Listening on Journal Socket (/dev/log).
[   10.886291] systemd[1]: Listening on Journal Audit Socket.
[[0;32m  OK  [0m] Listening on Journal Audit Socket.
[   10.909278] systemd[1]: Listening on Syslog Socket.
[[0;32m  OK  [0m] Listening on Syslog Socket.
[   10.975831] systemd[1]: Listening on udev Kernel Socket.
[[0;32m  OK  [0m] Listening on udev Kernel Socket.
[   11.029553] systemd[1]: Listening on Journal Socket.
[[0;32m  OK  [0m] Listening on Journal Socket.
[   11.089996] systemd[1]: Starting Set console keymap...
         Starting Set console keymap...
[   11.103059] systemd[1]: Starting Nameserver information manager...
         Starting Nameserver information manager...
[   11.113888] systemd[1]: Starting Create list of required static device nodes for the current kernel...
         Starting Create list of required st... nodes for the current kernel...
[   11.142296] systemd[1]: Listening on udev Control Socket.
[[0;32m  OK  [0m] Listening on udev Control Socket.
[   11.148452] systemd[1]: Reached target User and Group Name Lookups.
[[0;32m  OK  [0m] Reached target User and Group Name Lookups.
[   11.155865] systemd[1]: Created slice User and Session Slice.
[[0;32m  OK  [0m] Created slice User and Session Slice.
[   11.169824] systemd[1]: Reached target Slices.
[[0;32m  OK  [0m] Reached target Slices.
[   11.229952] systemd[1]: Mounting POSIX Message Queue File System...
         Mounting POSIX Message Queue File System...
[   11.255567] systemd[1]: Starting Remount Root and Kernel File Systems...
         Starting Remount Root a[   11.265940] EXT4-fs (sda1): re-mounted. Opts: (null)
nd Kernel File Systems...
[   11.301463] systemd[1]: Listening on /dev/initctl Compatibility Named Pipe.
[[0;32m  OK  [0m] Listening on /dev/initctl Compatibility Named Pipe.
[   11.338043] systemd[1]: Starting Uncomplicated firewall...
[   11.340514] random: nonblocking pool is initialized
         Starting Uncomplicated firewall...
[   11.358164] systemd[1]: Mounting Huge Pages File System...
         Mounting Huge Pages File System...
[   11.374408] systemd[1]: Starting Load Kernel Modules...
         Starting Load Kernel Modules...
[   11.381603] systemd[1]: Set up automount Arbitrary Executable File Formats File System Automount Point.
[[0;32m  OK  [[   11.393602] Loading iSCSI transport class v2.0-870.
0m] Set up automount Arbitrary Executab...ats File System Automount Point.
[   11.404137] systemd[1]: Starting Journal Service...
         Starting Journal Service...
[   11.418262] systemd[1]: Started Trigger resolvconf update for networkd DNS.
[   11.423065] iscsi: registered transport (tcp)
[[0;32m  OK  [0m] Started Trigger resolvconf update for networkd DNS.
[   11.653877] systemd[1]: Listening on LVM2 poll daemon socket.
[[0;32m  OK  [0m] Listening on LVM2 poll daemon socket.
[   11.697216] systemd[1]: Mounting Debug File System...
         Mounting Debug F[   11.710287] iscsi: registered transport (iser)
ile System...
[   11.723466] systemd[1]: Listening on Device-mapper event daemon FIFOs.
[[0;32m  OK  [0m] Listening on Device-mapper event daemon FIFOs.
[   11.730893] systemd[1]: Starting Monitoring of LVM2 mirrors, snapshots etc. using dmeventd or progress polling...
         Starting Monitoring of LVM2 mirrors... dmeventd or progress polling...
[   11.756497] systemd[1]: Started Forward Password Requests to Wall Directory Watch.
[[0;32m  OK  [0m] Started Forward Password Requests to Wall Directory Watch.
[   11.783660] systemd[1]: Mounted Debug File System.
[[0;32m  OK  [0m] Mounted Debug File System.
[   11.791816] systemd[1]: Mounted POSIX Message Queue File System.
[[0;32m  OK  [0m] Mounted POSIX Message Queue File System.
[   11.811709] systemd[1]: Mounted Huge Pages File System.
[[0;32m  OK  [0m] Mounted Huge Pages File System.
[   11.834631] systemd[1]: Started Journal Service.
[[0;32m  OK  [0m] Started Journal Service.
[[0;32m  OK  [0m] Started Set console keymap.
[[0;32m  OK  [0m] Started Create list of required sta...ce nodes for the current kernel.
[[0;32m  OK  [0m] Started Remount Root and Kernel File Systems.
[[0;32m  OK  [0m] Started Uncomplicated firewall.
[[0;32m  OK  [0m] Started Load Kernel Modules.
[[0;32m  OK  [0m] Started Nameserver information manager.
[[0;32m  OK  [0m] Started LVM2 metadata daemon.
         Starting Apply Kernel Variables...
         Mounting FUSE Control File System...
         Starting udev Coldplug all Devices...
         Starting Load/Save Random Seed...
         Starting Create Static Device Nodes in /dev...
         Starting Flush Journal to Persistent Storage...
[[0;32m  OK  [0m] Mounted FUSE Control File System.
[[0;32m  OK  [0m] Started Monitoring of LVM2 mirrors,...ng dmeventd or progress polling.
[[0;32m  OK  [0m] Started Apply Kernel Variables.
[[0;32m  OK  [0m] Started Load/Save Random Seed.
[[0;32m  OK  [0m] Started Create Static Device Nodes in /dev.
[[0;32m  OK  [0m] Started udev Coldplug all Devices.
[[0;32m  OK  [0m] Started Flush Journal to Persistent Storage.
         Starting udev Kernel Device Manager...
[[0;32m  OK  [0m] Started udev Kernel Device Manager.
[[0;32m  OK  [0m] Reached target Local File Systems (Pre).
[[0;32m  OK  [0m] Reached target Local File Systems.
         Starting Create Volatile Files and Directories...
         Starting LSB: AppArmor initialization...
         Starting Initial cloud-init job (pre-networking)...
         Starting Tell Plymouth To Write Out Runtime Data...
         Starting Commit a transient machine-id on disk...
         Starting Set console font and keymap...
[[0;32m  OK  [0m] Started Dispatch Password Requests to Console Directory Watch.
[[0;32m  OK  [0m] Started Create Volatile Files and Directories.
[[0;32m  OK  [0m] Started Tell Plymouth To Write Out Runtime Data.
[[0;32m  OK  [0m] Started Commit a transient machine-id on disk.
[[0;32m  OK  [0m] Found device /dev/ttyS0.
[[0;32m  OK  [0m] Listening on Load/Save RF Kill Switch Status /dev/rfkill Watch.
         Starting Update UTMP about System Boot/Shutdown...
[[0;32m  OK  [0m] Started Update UTMP about System Boot/Shutdown.
[[0;32m  OK  [0m] Started LSB: AppArmor initialization.
[[0;32m  OK  [0m] Started Set console font and keymap.
[[0;32m  OK  [0m] Created slice system-getty.slice.
[   14.047123] cloud-init[481]: Cloud-init v. 18.3-9-g2e62cb8a-0ubuntu1~16.04.2 running 'init-local' at Wed, 31 Oct 2018 15:56:21 +0000. Up 13.46 seconds.
[[0;32m  OK  [0m] Started Initial cloud-init job (pre-networking).
[[0;32m  OK  [0m] Reached target Network (Pre).
         Starting Raise network interfaces...
[[0;32m  OK  [0m] Started Raise network interfaces.
[[0;32m  OK  [0m] Reached target Network.
         Starting Initial cloud-init job (metadata service crawler)...
[   16.029289] cloud-init[921]: Cloud-init v. 18.3-9-g2e62cb8a-0ubuntu1~16.04.2 running 'init' at Wed, 31 Oct 2018 15:56:23 +0000. Up 14.89 seconds.
[   16.049038] cloud-init[921]: ci-info: +++++++++++++++++++++++++++++++++++++Net device info+++++++++++++++++++++++++++++++++++++
[   16.056613] cloud-init[921]: ci-info: +--------+------+--------------------------+---------------+--------+-------------------+
[   16.070613] cloud-init[921]: ci-info: | Device |  Up  |         Address          |      Mask     | Scope  |     Hw-Address    |
[   16.082946] cloud-init[921]: ci-info: +--------+------+--------------------------+---------------+--------+-------------------+
[   16.095508] cloud-init[921]: ci-info: | enp0s3 | True |        10.0.2.15         | 255.255.255.0 | global | 02:28:89:27:00:51 |
[[0;32m  OK  [0m] Started Initial cloud-init job (metadata service crawler).
[[0;32m  OK  [0m] Reached target Cloud-config availability.
[[0;32m  OK  [0m] Reached target System Initialization.
[   16.134795] cloud-init[921]: ci-info: | enp0s3 | True | fe80::28:89ff:fe27:51/64 |       .       |  link  | 02:28:89:27:00:51 |
[   16.198120] cloud-init[921]: ci-info: |   lo   | True |        127.0.0.1         |   255.0.0.0   |  host  |         .         |
[[0;32m  OK  [0m] Listening on D-Bus System Message Bus Socket.
         Starting Socket activation for snappy daemon.
[[0;32m  OK  [0m] Listening on ACPID Listen Socket.
[   16.200632] cloud-init[921]: ci-info: |   lo   | True |         ::1/128          |       .       |  host  |         .         |
[   16.272541]          Starting LXD - unix socket.
[[0;32m  OK  [0m] Started Daily Cleanup of Temporary Directories.
[cloud-init[921]: ci-info: +--------+------+--------------------------+---------------+--------+-------------------+
[0;32m  OK  [0m] Started Daily apt download activities.
[[0;32m  OK  [0m] Listening on UUID daemon activation socket.
[   16.277621] cloud-init[921]: ci-info: +++++++++++++++++++++++++++Route IPv4 info++++++++++++++++++++++++++++
[   16.337723] [cloud-init[0;32m  OK  [0m[921]: ] ci-info: +-------+-------------+----------+---------------+-----------+-------+Started ACPI Events Check.

[[0;32m  OK  [0m] Reached target Paths.
[[0;32m  OK  [0m] Started Daily apt upgrade and clean activities.
[   16.339559] cloud-init[921]: ci-info: | Route | Destination | Gateway  |    Genmask    | Interface | Flags |
[   16.416804] [cloud-init[0;32m  OK  [0m[921]: ] ci-info: +-------+-------------+----------+---------------+-----------+-------+Reached target Timers.

[   16.437424] [[0;32m  OK  [0m] Reached target Network is Online.
cloud-init[921]: ci-info: |   0   |   0.0.0.0   | 10.0.2.2 |    0.0.0.0    |   enp0s3  |   UG  |
[   16.481236]          Starting iSCSI initiator daemon (iscsid)...
cloud-init[921]: ci-info: |   1   |   10.0.2.0  | 0.0.0.0  | 255.255.255.0 |   enp0s3  |   U   |
[[0;32m  OK  [0m] Listening on Socket activation for snappy daemon.
[[0;32m  OK  [0m] Listening on LXD - unix socket.
[   16.484582] cloud-init[921]: ci-info: +-------+-------------+----------+---------------+-----------+-------+
[   16.514764] cloud-init[921]: ci-info: +++++++++++++++++++Route IPv6 info+++++++++++++++++++
[   16.534007] cloud-init[921]: ci-info: +-------+-------------+---------+-----------+-------+
[   16.547837] cloud-init[921]: ci-info: | Route | Destination | Gateway | Interface | Flags |
[[0;32m  OK  [0m] Reached target Sockets.
[[0;32m  OK  [0m] Reached target Basic System.
[   16.565942] cloud-init[921]: ci-info: +-------+-------------+---------+-----------+-------+
         Starting Virtualbox guest utils...
[   16.604026] cloud-init[921]: ci-info: |   0   |  fe80::/64  |    ::   |   enp0s3  |   U   |
[   16.648735] cloud-init[921]: ci-info: |   3   |   ff00::/8  |    ::   |   enp0s3  |   U   |
[   16.668245]          Starting LSB: Record successful boot for GRUB...
cloud-init[921]: [[0;32m  OK  [0m] Started ACPI event daemon.
[[0;32m  OK  [0m] Started Deferred execution scheduler.
[[0;32m  OK  [0m] Started Unattended Upgrades Shutdown.
         Starting Login Service...
[[0;32m  OK  [0m] Started D-Bus System Message Bus.
ci-info: +-------+-------------+---------+-----------+-------+
[   16.694528] cloud-init[921]: Generating public/private rsa key pair.
[   16.698723] cloud-init[921]: Your identification has been saved in /etc/ssh/ssh_host_rsa_key.
[   16.740826] cloud-init[921]: Your public key has been saved in /etc/ssh/ssh_host_rsa_key.pub.
[   16.768620] cloud-init[921]: The key fingerprint is:
[   16.785874] cloud-init[921]: SHA256:htLbEicb74MNv8zO3x9/7pN63+t2b0V4tGPTQKu5vmg root@ubuntu-xenial
[   16.791939] cloud-init[921]: The key's randomart image is:
[   16.796748] cloud-init[921]: +---[RSA 2048]----+
[   16.803314] cloud-init[921]: |             ..  |
[   16.813570]          Starting /etc/rc.local Compatibility...
         Starting System Logging Service...
cloud-init[921]: |              ...|
[   16.840271] [[0;32m  OK  [0m] Started Regular background program processing daemon.
cloud-init[921]: |              .+o|
[   16.849590] cloud-init[921]: |     . .     o.=+|
[   16.864514] [[0;32m  OK  [0m] Started FUSE filesystem for LXC.
cloud-init[921]: |    . * S   o .oo|
[   16.891424] cloud-init[921]: |     ..@     .  .|
         Starting Pollinate to seed the pseudo random number generator...
[   16.896373] cloud-init[921]: |      +=o   . . o|
[   16.916914] cloud-init[921]: |      .*+ E+   B=|
[   16.922344] cloud-init[921]: |       .B=o ++**#|
[   16.934115]          Starting Snappy daemon...
         Starting LXD - container startup/shutdown...
         Starting LSB: MD monitoring daemon...
         Starting Accounts Service...
cloud-init[921]: +----[SHA256]-----+
[[0;32m  OK  [0m] Started System Logging Service.
[[0;32m  OK  [0m] Started iSCSI initiator daemon (iscsid).
[[0;32m  OK  [0m] Started /etc/rc.local Compatibility.
[   16.949341] cloud-init[921]: Generating public/private dsa key pair.
[   16.992201] cloud-init[921]: Your identification has been saved in /etc/ssh/ssh_host_dsa_key.
[   17.011293] cloud-init[921]: Your public key has been saved in /etc/ssh/ssh_host_dsa_key.pub.
[   17.068877] [[0;32m  OK  [0m] Started LSB: Record successful boot for GRUB.
cloud-init[921]: The key fingerprint is:
[   17.087294] cloud-init[921]: SHA256:QKX+9wfenosQDymKX1D2wT2noZdoLidc7bAcqfgRz/A root@ubuntu-xenial         Starting Login to default iSCSI targets...
[[0;32m  OK  [0m] Started Login Service.

[   17.138388] [[0;32m  OK  [0m] Started LSB: MD monitoring daemon.
cloud-init[921]: The key's randomart image is:
[   17.148761] cloud-init[921]: +---[DSA 1024]----+
[   17.160023] cloud-init[921]: |      ...        |
[[0;32m  OK  [0m] Started Login to default iSCSI targets.
[   17.183818] cloud-init[921]: |     . . . .     |
         Starting Authenticate and Authorize Users to Run Privileged Tasks...
[   17.213134] [[0;32m  OK  [0m] Reached target Remote File Systems (Pre).
[cloud-init[921]: [0;32m  OK  [0m] Reached target Remote File Systems.
         Starting LSB: Set the CPU Frequency Scaling governor to "ondemand"...
         Starting LSB: daemon to balance interrupts for SMP systems...
         Starting LSB: automatic crash report generation...
         Starting Permit User Sessions...
[[0;32m  OK  [0m] Started Virtualbox guest utils.
|      o o o + .  |
[[0;32m  OK  [0m] Started Permit User Sessions.
[   17.265760] cloud-init[921]: |     . + . B *   |
[   17.276825] cloud-init[921]: |      o S & =    |
[   17.309064] cloud-init[921]: |     . * & X.    |
[   17.326708]          Starting Terminate Plymouth Boot Screen...
         Starting Hold until boot process finishes up...
[[0;32m  OK  [0m] Started LSB: Set the CPU Frequency Scaling governor to "ondemand".
[[0;32m  OK  [0m] Started Terminate Plymouth Boot Screen.
[[0;32m  OK  [0m] Started Authenticate and Authorize Users to Run Privileged Tasks.
cloud-init[921]: |    . o O E.oo   |
[   17.386800] [[0;32m  OK  [0m] Started LSB: automatic crash report generation.
[[0;32m  OK  [0m] Started LSB: daemon to balance interrupts for SMP systems.
[[0;32m  OK  [0m] Started Hold until boot process finishes up.
[[0;32m  OK  [0m] Started Accounts Service.
cloud-init[921]: |     . o * o..o. |
[[   17.409331] cloud-init[921]: |      . .   oo+. |
[   17.410515] cloud-init[921]: +----[SHA256]-----+
[   17.412025] cloud-init[921]: Generating public/private ecdsa key pair.
[   17.414621] cloud-init[921]: Your identification has been saved in /etc/ssh/ssh_host_ecdsa_key.
[   17.416756] cloud-init[921]: Your public key has been saved in /etc/ssh/ssh_host_ecdsa_key.pub.
[0;32m  OK  [0m] Started Getty on tty1.
[   17.416835] cloud-init[921]: The key fingerprint is:
[[   17.447121] cloud-init[921]: SHA256:aKWeiwopDmSiaaU+iMLblGZITUysew1nJ4gijFUUGpc root@ubuntu-xenial
[   17.447962] cloud-init[921]: The key's randomart image is:
[0;32m  OK  [0m] Started Serial Getty on ttyS0.
[   17.448589] cloud-init[921]: +---[ECDSA 256]---+
[   17.506272] cloud-init[921]: |  o+=o           |
[   17.506978] [[0;32m  OK  [0m] Reached target Login Prompts.
cloud-init[921]: |  +=E            |
[   17.520937] cloud-init[921]: |o.+o.   .        |
[   17.525534] cloud-init[921]: |++oo + =         |
         Starting Set console scheme...
[   17.537963] cloud-init[921]: |++.o= * S        |
[   17.544162] cloud-init[921]: |*++..+ .         |
[[0;32m  OK  [0m] Started LXD - container startup/shutdown.
[   17.544665] cloud-init[921]: |@+.=  o          |
[   17.560860] cloud-init[921]: |X+=  . .         |
[   17.568414] [[0;32m  OK  [0m] Started Set console scheme.
cloud-init[921]: |.++o. .          |
[   17.578610] cloud-init[921]: +----[SHA256]-----+
[   17.587360] cloud-init[921]: Generating public/private ed25519 key pair.
[   17.595840] cloud-init[921]: Your identification has been saved in /etc/ssh/ssh_host_ed25519_key.
[   17.621085] cloud-init[921]: Your public key has been saved in /etc/ssh/ssh_host_ed25519_key.pub.
[   17.628542] [[0;32m  OK  [0m] Started Pollinate to seed the pseudo random number generator.
cloud-init[921]: The key fingerprint is:
[   17.643144]          Starting OpenBSD Secure Shell server...
[[0;32m  OK  [0m] Started Snappy daemon.
cloud-init[921]: SHA256:TxKAFVXMNSZ06NEPH6IpklsQYano8iT0nmzWqTSTXPA root@ubuntu-xenial
         Starting Wait until snapd is fully seeded...
[[0;32m  OK  [0m] Started OpenBSD Secure Shell server.
[   17.681544] cloud-init[921]: The key's randomart image is:
[   17.700386] cloud-init[921]: +--[ED25519 256]--+
[   17.704536] cloud-init[921]: |     oB*.=++=    |
[   17.710934] cloud-init[921]: |    ..o.  =++..  |
[   17.720250] cloud-init[921]: |   o . o.. + = . |
[   17.756954] cloud-init[921]: | .. + o o.+   o  |
[   17.765637] cloud-init[921]: |...  E +S..      |
[   17.779370] cloud-init[921]: |o +.o .  +       |
[   17.800705] cloud-init[921]: | =o*o .   .      |
[   17.808938] cloud-init[921]: |  o*oo           |
[   17.817490] cloud-init[921]: |  o..            |
[   17.836882] cloud-init[921]: +----[SHA256]-----+
[[0;32m  OK  [0m] Started Wait until snapd is fully seeded.
[[0;32m  OK  [0m] Reached target Multi-User System.
[[0;32m  OK  [0m] Reached target Graphical Interface.
         Starting Update UTMP about System Runlevel Changes...
         Starting Apply the settings specified in cloud-config...
[[0;32m  OK  [0m] Started Update UTMP about System Runlevel Changes.
[   20.736930] cloud-init[1246]: Generating locales (this might take a while)...
[   21.812090] cloud-init[1246]:   en_US.UTF-8... done
[   21.817697] cloud-init[1246]: Generation complete.
[[0;32m  OK  [0m] Created slice User Slice of vagrant.
         Starting User Manager for UID 1000...
[[0;32m  OK  [0m] Started Session 1 of user vagrant.
[[0;32m  OK  [0m] Started User Manager for UID 1000.
[   22.708520] cloud-init[1246]: Cloud-init v. 18.3-9-g2e62cb8a-0ubuntu1~16.04.2 running 'modules:config' at Wed, 31 Oct 2018 15:56:28 +0000. Up 20.54 seconds.
ci-info: no authorized ssh keys fingerprints found for user ubuntu.

Ubuntu 16.04.5 LTS ubuntu-xenial ttyS0

ubuntu-xenial login: <14>Oct 31 15:56:31 ec2: 
<14>Oct 31 15:56:31 ec2: #############################################################
<14>Oct 31 15:56:31 ec2: -----BEGIN SSH HOST KEY FINGERPRINTS-----
<14>Oct 31 15:56:31 ec2: 1024 SHA256:QKX+9wfenosQDymKX1D2wT2noZdoLidc7bAcqfgRz/A root@ubuntu-xenial (DSA)
<14>Oct 31 15:56:31 ec2: 256 SHA256:aKWeiwopDmSiaaU+iMLblGZITUysew1nJ4gijFUUGpc root@ubuntu-xenial (ECDSA)
<14>Oct 31 15:56:31 ec2: 256 SHA256:TxKAFVXMNSZ06NEPH6IpklsQYano8iT0nmzWqTSTXPA root@ubuntu-xenial (ED25519)
<14>Oct 31 15:56:31 ec2: 2048 SHA256:htLbEicb74MNv8zO3x9/7pN63+t2b0V4tGPTQKu5vmg root@ubuntu-xenial (RSA)
<14>Oct 31 15:56:31 ec2: -----END SSH HOST KEY FINGERPRINTS-----
<14>Oct 31 15:56:31 ec2: #############################################################
-----BEGIN SSH HOST KEY KEYS-----
ecdsa-sha2-nistp256 AAAAE2VjZHNhLXNoYTItbmlzdHAyNTYAAAAIbmlzdHAyNTYAAABBBKiXP9c0FZr+0+ZOFt8q55C/4O9wyQ8/TIefeSWJcnpYArpIZBF/yv6g7luoaXrgBuWYs+qojYpDqrzMgoevfSg= root@ubuntu-xenial
ssh-ed25519 AAAAC3NzaC1lZDI1NTE5AAAAIA06lqIopudlyJmDbY6QfWCzM6BXbhQPnoWmQ/UDPTMn root@ubuntu-xenial
ssh-rsa AAAAB3NzaC1yc2EAAAADAQABAAABAQC3W2UtSpNUO8m6BeYpXpjFvEuOrSjURenA/VyPcUjpVzZHB8NrNogsIaky9gFei0yuhXYi/T13HSzimQr2cUhgqGqXw5X43DenRAtYae/nqMbEs+lDezn/OD9s6XpyOKaKF3xuJu0l8x7wMtmGZ2W+5BnotgykbbiOhio1duvtEv1ku3thTN9K6ZH88lUHvrVAKrp2QcWc8Qg+BJtcylxWCd9xZMVDx/UE2PZXHw3hRTFSv2rSNzywl1yKA6DxyAXlMOS/Cnor/3uK8SY5Um40hRS4B/hfu6J6Y3A0/XcoscQ1Cl8XGynPMSbnTjnzqzqupRcRH74KWdGXui0aoTfP root@ubuntu-xenial
-----END SSH HOST KEY KEYS-----
[   23.536193] cloud-init[1352]: Cloud-init v. 18.3-9-g2e62cb8a-0ubuntu1~16.04.2 running 'modules:final' at Wed, 31 Oct 2018 15:56:31 +0000. Up 23.23 seconds.
[   23.536480] cloud-init[1352]: ci-info: no authorized ssh keys fingerprints found for user ubuntu.
[   23.536607] cloud-init[1352]: Cloud-init v. 18.3-9-g2e62cb8a-0ubuntu1~16.04.2 finished at Wed, 31 Oct 2018 15:56:31 +0000. Datasource DataSourceNoCloud [seed=/dev/sdb][dsmode=net].  Up 23.52 seconds
